Arguments: 
  /Users/bigo/.nvm/versions/node/v15.14.0/bin/node /Users/bigo/.nvm/versions/node/v15.14.0/bin/yarn run dev

PATH: 
  /Users/bigo/.nvm/versions/node/v15.14.0/bin:/Library/Frameworks/Python.framework/Versions/3.7/bin:/usr/local/bin:/usr/bin:/bin:/usr/sbin:/sbin:/Users/bigo/.nvm/versions/node/v15.14.0/bin:/Library/Frameworks/Python.framework/Versions/3.7/bin

Yarn version: 
  1.22.11

Node version: 
  15.14.0

Platform: 
  darwin x64

Trace: 
  SyntaxError: /Users/bigo/Desktop/travelbaby2.0/package.json: Unexpected token < in JSON at position 137
      at JSON.parse (<anonymous>)
      at /Users/bigo/.nvm/versions/node/v15.14.0/lib/node_modules/yarn/lib/cli.js:1625:59
      at Generator.next (<anonymous>)
      at step (/Users/bigo/.nvm/versions/node/v15.14.0/lib/node_modules/yarn/lib/cli.js:310:30)
      at /Users/bigo/.nvm/versions/node/v15.14.0/lib/node_modules/yarn/lib/cli.js:321:13

npm manifest: 
  {
    "private": true,
    "scripts": {
      "dev": "next dev",
      "build": "next build",
      "start": "next start"
    },
    "dependencies": {
  <<<<<<< HEAD
  <<<<<<< HEAD
  <<<<<<< HEAD
  <<<<<<< HEAD
  <<<<<<< HEAD
  
  
  
  =======
  >>>>>>> parent of 4b58466 (fixed)
  =======
  >>>>>>> parent of 4b58466 (fixed)
  =======
  >>>>>>> parent of 4b58466 (fixed)
      "@heroicons/react": "^1.0.5",
      "@tailwindcss/forms": "^0.4.0",
  =======
  >>>>>>> parent of 57f7133 (header)
  =======
  >>>>>>> parent of 57f7133 (header)
      "next": "latest",
  <<<<<<< HEAD
  <<<<<<< HEAD
  <<<<<<< HEAD
  
  
  
  =======
  >>>>>>> parent of 4b58466 (fixed)
  =======
  >>>>>>> parent of 4b58466 (fixed)
  =======
  >>>>>>> parent of 4b58466 (fixed)
      "react": "^17.0.2",
      "react-dom": "^17.0.2"
    },
    "devDependencies": {
      "autoprefixer": "^10.2.6",
      "postcss": "^8.3.5",
      "tailwindcss": "^2.2.4"
    }
  }

yarn manifest: 
  No manifest

Lockfile: 
  No lockfile
